<?xml version="1.0" encoding="UTF-8"?>
<testsuite name="Cucumber" time="0.139" tests="1" skipped="0" failures="1" errors="0">
<testcase classname="Check logIn page" name="Verify logIn with valid Username and Valid Password" time="0.021">
<failure/>
<system-out><![CDATA[
Given User on logIn Page....................................................undefined
When User Enters with valid Username and Valid Password.....................skipped
And User Click on LogIn button..............................................skipped
Then User Navigate on Home Page.............................................skipped
]]></system-out>
</testcase>
</testsuite>
